<?xml version="1.0" encoding="UTF-8"?>
<!-- Generated by org.testng.reporters.JUnitReportReporter -->
<testsuite hostname="Shubham-HP-Laptop" failures="0" tests="2" name="testLayer.LoginTest" time="24.815" errors="0" timestamp="2023-09-05T18:18:50 EDT" skipped="0">
  <testcase classname="testLayer.LoginTest" name="Title" time="10.348"/>
  <testcase classname="testLayer.LoginTest" name="Login" time="14.467"/>
</testsuite> <!-- testLayer.LoginTest -->
